<?xml version="1.0" encoding="UTF-8"?>
<testng-results ignored="0" total="1" passed="1" failed="0" skipped="0">
  <reporter-output>
  </reporter-output>
  <suite started-at="2024-05-31T12:03:00Z" name="Default suite" finished-at="2024-05-31T12:03:13Z" duration-ms="12732">
    <groups>
    </groups>
    <test started-at="2024-05-31T12:03:00Z" name="Default test" finished-at="2024-05-31T12:03:13Z" duration-ms="12732">
      <class name="demo.FrameHandling">
        <test-method is-config="true" signature="browserSetup()[pri:0, instance:demo.FrameHandling@457c9034]" started-at="2024-05-31T12:03:00Z" name="browserSetup" finished-at="2024-05-31T12:03:07Z" duration-ms="6693" status="PASS">
          <reporter-output>
          </reporter-output>
        </test-method> <!-- browserSetup -->
        <test-method signature="frameInteraction()[pri:0, instance:demo.FrameHandling@457c9034]" started-at="2024-05-31T12:03:07Z" name="frameInteraction" finished-at="2024-05-31T12:03:12Z" duration-ms="5713" status="PASS">
          <reporter-output>
          </reporter-output>
        </test-method> <!-- frameInteraction -->
        <test-method is-config="true" signature="tearDown()[pri:0, instance:demo.FrameHandling@457c9034]" started-at="2024-05-31T12:03:12Z" name="tearDown" finished-at="2024-05-31T12:03:13Z" duration-ms="301" status="PASS">
          <reporter-output>
          </reporter-output>
        </test-method> <!-- tearDown -->
      </class> <!-- demo.FrameHandling -->
    </test> <!-- Default test -->
  </suite> <!-- Default suite -->
</testng-results>
